{"level":"info","port":8080,"time":"2025-12-04T00:44:07+03:00","caller":"/Users/spikk/Code/go-template/logger/logger.go:42","message":"Starting server"}
{"level":"info","port":8080,"time":"2025-12-04T00:45:14+03:00","caller":"/Users/spikk/Code/go-template/logger/logger.go:42","message":"Starting server"}
{"level":"info","port":8080,"time":"2025-12-04T00:45:34+03:00","caller":"/Users/spikk/Code/go-template/logger/logger.go:42","message":"Starting server"}
{"level":"info","port":8080,"time":"2025-12-04T00:45:36+03:00","caller":"/Users/spikk/Code/go-template/logger/logger.go:42","message":"Starting server"}
{"level":"info","port":8080,"time":"2025-12-04T00:46:20+03:00","caller":"/Users/spikk/Code/go-template/logger/logger.go:42","message":"Starting server"}
{"level":"info","port":8080,"time":"2025-12-04T00:46:33+03:00","caller":"/Users/spikk/Code/go-template/logger/logger.go:42","message":"Starting server"}
{"level":"info","port":8080,"time":"2025-12-04T00:47:21+03:00","caller":"/Users/spikk/Code/go-template/logger/logger.go:42","message":"Starting server"}
{"level":"info","port":8080,"time":"2025-12-04T00:47:29+03:00","caller":"/Users/spikk/Code/go-template/logger/logger.go:42","message":"Starting server"}
{"level":"info","port":8080,"time":"2025-12-04T00:47:59+03:00","caller":"/Users/spikk/Code/go-template/logger/logger.go:42","message":"Starting server"}
{"level":"info","port":8080,"time":"2025-12-04T00:48:15+03:00","caller":"/Users/spikk/Code/go-template/logger/logger.go:42","message":"Starting server"}
{"level":"info","port":8080,"time":"2025-12-04T00:48:29+03:00","caller":"/Users/spikk/Code/go-template/logger/logger.go:42","message":"Starting server"}
{"level":"info","port":8080,"time":"2025-12-04T00:49:01+03:00","caller":"/Users/spikk/Code/go-template/logger/logger.go:42","message":"Starting server"}
{"level":"info","port":8080,"time":"2025-12-04T00:49:13+03:00","caller":"/Users/spikk/Code/go-template/logger/logger.go:42","message":"Starting server"}
{"level":"info","port":8080,"time":"2025-12-04T00:49:14+03:00","caller":"/Users/spikk/Code/go-template/logger/logger.go:42","message":"Starting server"}
{"level":"info","port":8080,"time":"2025-12-04T00:49:30+03:00","caller":"/Users/spikk/Code/go-template/logger/logger.go:42","message":"Starting server"}
{"level":"info","port":8080,"time":"2025-12-04T00:49:44+03:00","caller":"/Users/spikk/Code/go-template/logger/logger.go:42","message":"Starting server"}
{"level":"info","port":8080,"time":"2025-12-04T00:50:12+03:00","caller":"/Users/spikk/Code/go-template/logger/logger.go:42","message":"Starting server"}
{"level":"info","port":8080,"time":"2025-12-04T00:50:26+03:00","caller":"/Users/spikk/Code/go-template/logger/logger.go:42","message":"Starting server"}
{"level":"info","port":8080,"time":"2025-12-04T00:50:43+03:00","caller":"/Users/spikk/Code/go-template/logger/logger.go:42","message":"Starting server"}
{"level":"info","port":8080,"time":"2025-12-04T00:50:52+03:00","caller":"/Users/spikk/Code/go-template/logger/logger.go:42","message":"Starting server"}
{"level":"info","port":8080,"time":"2025-12-04T00:50:55+03:00","caller":"/Users/spikk/Code/go-template/logger/logger.go:42","message":"Starting server"}
{"level":"info","port":8080,"time":"2025-12-04T00:51:04+03:00","caller":"/Users/spikk/Code/go-template/logger/logger.go:42","message":"Starting server"}
{"level":"info","port":8080,"time":"2025-12-04T00:51:16+03:00","caller":"/Users/spikk/Code/go-template/logger/logger.go:42","message":"Starting server"}
{"level":"info","port":8080,"time":"2025-12-04T00:51:44+03:00","caller":"/Users/spikk/Code/go-template/logger/logger.go:42","message":"Starting server"}
{"level":"info","port":8080,"time":"2025-12-04T00:51:51+03:00","caller":"/Users/spikk/Code/go-template/logger/logger.go:42","message":"Starting server"}
{"level":"info","port":8080,"time":"2025-12-04T00:52:17+03:00","caller":"/Users/spikk/Code/go-template/logger/logger.go:42","message":"Starting server"}
{"level":"info","port":8080,"time":"2025-12-04T00:52:20+03:00","caller":"/Users/spikk/Code/go-template/logger/logger.go:42","message":"Starting server"}
{"level":"info","port":8080,"time":"2025-12-04T00:52:39+03:00","caller":"/Users/spikk/Code/go-template/logger/logger.go:42","message":"Starting server"}
{"level":"info","port":8080,"time":"2025-12-04T00:53:55+03:00","caller":"/Users/spikk/Code/go-template/logger/logger.go:42","message":"Starting server"}
{"level":"info","port":8080,"time":"2025-12-04T00:54:24+03:00","caller":"/Users/spikk/Code/go-template/logger/logger.go:42","message":"Starting server"}
{"level":"info","port":8080,"time":"2025-12-04T00:54:30+03:00","caller":"/Users/spikk/Code/go-template/logger/logger.go:42","message":"Starting server"}
{"level":"info","port":8080,"time":"2025-12-04T00:54:49+03:00","caller":"/Users/spikk/Code/go-template/logger/logger.go:42","message":"Starting server"}
{"level":"info","port":8080,"time":"2025-12-04T00:54:52+03:00","caller":"/Users/spikk/Code/go-template/logger/logger.go:42","message":"Starting server"}
{"level":"info","port":8080,"time":"2025-12-04T00:54:58+03:00","caller":"/Users/spikk/Code/go-template/logger/logger.go:42","message":"Starting server"}
{"level":"info","port":8080,"time":"2025-12-04T00:56:01+03:00","caller":"/Users/spikk/Code/go-template/logger/logger.go:42","message":"Starting server"}
{"level":"info","port":8080,"time":"2025-12-04T00:56:15+03:00","caller":"/Users/spikk/Code/go-template/logger/logger.go:42","message":"Starting server"}
{"level":"info","port":8080,"time":"2025-12-04T00:57:42+03:00","caller":"/Users/spikk/Code/go-template/logger/logger.go:42","message":"Starting server"}
{"level":"info","port":8080,"time":"2025-12-04T00:58:27+03:00","caller":"/Users/spikk/Code/go-template/logger/logger.go:42","message":"Starting server"}
{"level":"info","port":8080,"time":"2025-12-04T00:58:31+03:00","caller":"/Users/spikk/Code/go-template/logger/logger.go:42","message":"Starting server"}
{"level":"info","port":8080,"time":"2025-12-04T00:58:34+03:00","caller":"/Users/spikk/Code/go-template/logger/logger.go:42","message":"Starting server"}
{"level":"info","port":8080,"time":"2025-12-04T01:00:42+03:00","caller":"/Users/spikk/Code/go-template/logger/logger.go:42","message":"Starting server"}
{"level":"info","port":8080,"time":"2025-12-04T01:00:47+03:00","caller":"/Users/spikk/Code/go-template/logger/logger.go:42","message":"Starting server"}
{"level":"info","port":8080,"time":"2025-12-04T01:01:03+03:00","caller":"/Users/spikk/Code/go-template/logger/logger.go:42","message":"Starting server"}
{"level":"info","port":8080,"time":"2025-12-04T01:04:19+03:00","caller":"/Users/spikk/Code/go-template/logger/logger.go:42","message":"Starting server"}
{"level":"info","port":8080,"time":"2025-12-04T01:04:59+03:00","caller":"/Users/spikk/Code/go-template/logger/logger.go:42","message":"Starting server"}
{"level":"info","port":8080,"time":"2025-12-04T01:05:22+03:00","caller":"/Users/spikk/Code/go-template/logger/logger.go:42","message":"Starting server"}
{"level":"info","port":8080,"time":"2025-12-04T01:05:59+03:00","caller":"/Users/spikk/Code/go-template/logger/logger.go:42","message":"Starting server"}
{"level":"info","time":"2025-12-04T01:06:14+03:00","caller":"/Users/spikk/Code/go-template/logger/logger.go:42","message":"Client connected as receiver"}
{"level":"info","time":"2025-12-04T01:06:20+03:00","caller":"/Users/spikk/Code/go-template/logger/logger.go:42","message":"Receiver disconnected"}
{"level":"info","time":"2025-12-04T01:06:23+03:00","caller":"/Users/spikk/Code/go-template/logger/logger.go:42","message":"Client connected as receiver"}
{"level":"info","port":8080,"time":"2025-12-04T01:09:08+03:00","caller":"/Users/spikk/Code/go-template/logger/logger.go:42","message":"Starting server"}
{"level":"info","time":"2025-12-04T01:09:18+03:00","caller":"/Users/spikk/Code/go-template/logger/logger.go:42","message":"Client connected as receiver"}
{"level":"info","time":"2025-12-04T01:09:31+03:00","caller":"/Users/spikk/Code/go-template/logger/logger.go:42","message":"Client connected as sender"}
{"level":"info","time":"2025-12-04T01:10:08+03:00","caller":"/Users/spikk/Code/go-template/logger/logger.go:42","message":"Sender disconnected"}
{"level":"info","time":"2025-12-04T01:10:11+03:00","caller":"/Users/spikk/Code/go-template/logger/logger.go:42","message":"Receiver disconnected"}
{"level":"info","port":8080,"time":"2025-12-04T01:12:31+03:00","caller":"/Users/spikk/Code/go-template/logger/logger.go:42","message":"Starting server"}
{"level":"info","time":"2025-12-04T01:12:57+03:00","caller":"/Users/spikk/Code/go-template/logger/logger.go:42","message":"Client connected as receiver"}
{"level":"info","time":"2025-12-04T01:13:22+03:00","caller":"/Users/spikk/Code/go-template/logger/logger.go:42","message":"Client connected as sender"}
{"level":"info","time":"2025-12-04T01:14:22+03:00","caller":"/Users/spikk/Code/go-template/logger/logger.go:42","message":"Sender disconnected"}
{"level":"info","port":8080,"time":"2025-12-04T01:17:47+03:00","caller":"/Users/spikk/Code/go-template/logger/logger.go:42","message":"Starting server"}
{"level":"info","port":8080,"time":"2025-12-04T01:17:50+03:00","caller":"/Users/spikk/Code/go-template/logger/logger.go:42","message":"Starting server"}
{"level":"info","time":"2025-12-04T01:18:01+03:00","caller":"/Users/spikk/Code/go-template/logger/logger.go:42","message":"Client connected as receiver"}
{"level":"info","time":"2025-12-04T01:18:31+03:00","caller":"/Users/spikk/Code/go-template/logger/logger.go:42","message":"Client connected as sender"}
{"level":"info","time":"2025-12-04T01:19:31+03:00","caller":"/Users/spikk/Code/go-template/logger/logger.go:42","message":"Sender disconnected"}
{"level":"info","time":"2025-12-04T01:19:57+03:00","caller":"/Users/spikk/Code/go-template/logger/logger.go:42","message":"Receiver disconnected"}
{"level":"info","port":8080,"time":"2025-12-04T01:21:01+03:00","caller":"/Users/spikk/Code/go-template/logger/logger.go:42","message":"Starting server"}
{"level":"info","time":"2025-12-04T01:21:17+03:00","caller":"/Users/spikk/Code/go-template/logger/logger.go:42","message":"Client connected as receiver"}
{"level":"info","time":"2025-12-04T01:21:24+03:00","caller":"/Users/spikk/Code/go-template/logger/logger.go:42","message":"Receiver disconnected"}
{"level":"info","time":"2025-12-04T01:21:32+03:00","caller":"/Users/spikk/Code/go-template/logger/logger.go:42","message":"Client connected as receiver"}
{"level":"info","time":"2025-12-04T01:21:34+03:00","caller":"/Users/spikk/Code/go-template/logger/logger.go:42","message":"Receiver disconnected"}
{"level":"info","time":"2025-12-04T01:21:35+03:00","caller":"/Users/spikk/Code/go-template/logger/logger.go:42","message":"Client connected as receiver"}
{"level":"info","time":"2025-12-04T01:21:41+03:00","caller":"/Users/spikk/Code/go-template/logger/logger.go:42","message":"Receiver disconnected"}
{"level":"info","time":"2025-12-04T01:21:52+03:00","caller":"/Users/spikk/Code/go-template/logger/logger.go:42","message":"Client connected as receiver"}
{"level":"info","time":"2025-12-04T01:22:52+03:00","caller":"/Users/spikk/Code/go-template/logger/logger.go:42","message":"Receiver disconnected"}
{"level":"info","port":8080,"time":"2025-12-04T01:23:59+03:00","caller":"/Users/spikk/Code/go-template/logger/logger.go:42","message":"Starting server"}
{"level":"info","time":"2025-12-04T01:26:03+03:00","caller":"/Users/spikk/Code/go-template/logger/logger.go:42","message":"Client connected as receiver"}
{"level":"info","time":"2025-12-04T01:26:10+03:00","caller":"/Users/spikk/Code/go-template/logger/logger.go:42","message":"Client connected as sender"}
{"level":"info","time":"2025-12-04T01:26:15+03:00","caller":"/Users/spikk/Code/go-template/logger/logger.go:42","message":"Receiver disconnected"}
{"level":"info","time":"2025-12-04T01:26:17+03:00","caller":"/Users/spikk/Code/go-template/logger/logger.go:42","message":"Sender disconnected"}
{"level":"info","time":"2025-12-04T01:26:47+03:00","caller":"/Users/spikk/Code/go-template/logger/logger.go:42","message":"Client connected as receiver"}
{"level":"info","time":"2025-12-04T01:26:51+03:00","caller":"/Users/spikk/Code/go-template/logger/logger.go:42","message":"Client connected as sender"}
{"level":"info","time":"2025-12-04T01:27:12+03:00","caller":"/Users/spikk/Code/go-template/logger/logger.go:42","message":"Receiver disconnected"}
{"level":"info","time":"2025-12-04T01:27:13+03:00","caller":"/Users/spikk/Code/go-template/logger/logger.go:42","message":"Client connected as receiver"}
{"level":"info","port":8080,"time":"2025-12-04T01:31:01+03:00","caller":"/Users/spikk/Code/go-template/logger/logger.go:42","message":"Starting server"}
{"level":"info","time":"2025-12-04T01:31:07+03:00","caller":"/Users/spikk/Code/go-template/logger/logger.go:42","message":"Client connected as sender"}
{"level":"info","time":"2025-12-04T01:31:16+03:00","caller":"/Users/spikk/Code/go-template/logger/logger.go:42","message":"Client connected as receiver"}
{"level":"info","port":8080,"time":"2025-12-04T01:34:11+03:00","caller":"/Users/spikk/Code/go-template/logger/logger.go:42","message":"Starting server"}
{"level":"info","time":"2025-12-04T01:34:15+03:00","caller":"/Users/spikk/Code/go-template/logger/logger.go:42","message":"Client connected as sender"}
{"level":"info","time":"2025-12-04T01:34:27+03:00","caller":"/Users/spikk/Code/go-template/logger/logger.go:42","message":"Client connected as receiver"}
{"level":"info","port":8080,"time":"2025-12-04T01:41:52+03:00","caller":"/Users/spikk/Code/go-template/logger/logger.go:42","message":"Starting server"}
{"level":"info","time":"2025-12-04T01:41:58+03:00","caller":"/Users/spikk/Code/go-template/logger/logger.go:42","message":"Client connected as receiver"}
{"level":"info","time":"2025-12-04T01:42:03+03:00","caller":"/Users/spikk/Code/go-template/logger/logger.go:42","message":"Client connected as sender"}
{"level":"info","port":8080,"time":"2025-12-04T01:46:12+03:00","caller":"/Users/spikk/Code/go-template/logger/logger.go:42","message":"Starting server"}
{"level":"info","time":"2025-12-04T01:46:16+03:00","caller":"/Users/spikk/Code/go-template/logger/logger.go:42","message":"Client connected as sender"}
{"level":"info","time":"2025-12-04T01:46:25+03:00","caller":"/Users/spikk/Code/go-template/logger/logger.go:42","message":"Client connected as receiver"}
{"level":"info","port":8080,"time":"2025-12-04T01:52:32+03:00","caller":"/Users/spikk/Code/go-template/logger/logger.go:42","message":"Starting server"}
{"level":"info","time":"2025-12-04T01:52:38+03:00","caller":"/Users/spikk/Code/go-template/logger/logger.go:42","message":"Client connected as receiver"}
{"level":"info","time":"2025-12-04T01:52:46+03:00","caller":"/Users/spikk/Code/go-template/logger/logger.go:42","message":"Client connected as sender"}
{"level":"info","time":"2025-12-04T01:53:01+03:00","caller":"/Users/spikk/Code/go-template/logger/logger.go:42","message":"Receiver disconnected"}
{"level":"info","port":8080,"time":"2025-12-04T01:54:18+03:00","caller":"/Users/spikk/Code/go-template/logger/logger.go:42","message":"Starting server"}
{"level":"info","time":"2025-12-04T01:54:23+03:00","caller":"/Users/spikk/Code/go-template/logger/logger.go:42","message":"Client connected as receiver"}
{"level":"info","time":"2025-12-04T01:54:28+03:00","caller":"/Users/spikk/Code/go-template/logger/logger.go:42","message":"Client connected as sender"}
{"level":"info","time":"2025-12-04T01:54:43+03:00","caller":"/Users/spikk/Code/go-template/logger/logger.go:42","message":"Receiver disconnected"}
{"level":"info","port":8080,"time":"2025-12-04T02:00:22+03:00","caller":"/Users/spikk/Code/go-template/logger/logger.go:42","message":"Starting server"}
{"level":"info","time":"2025-12-04T02:01:13+03:00","caller":"/Users/spikk/Code/go-template/logger/logger.go:42","message":"Client connected as receiver"}
{"level":"info","time":"2025-12-04T02:01:15+03:00","caller":"/Users/spikk/Code/go-template/logger/logger.go:42","message":"Client connected as sender"}
{"level":"info","port":8080,"time":"2025-12-04T02:04:05+03:00","caller":"/Users/spikk/Code/go-template/logger/logger.go:42","message":"Starting server"}
{"level":"info","time":"2025-12-04T02:05:46+03:00","caller":"/Users/spikk/Code/go-template/logger/logger.go:42","message":"Client connected as receiver"}
{"level":"info","time":"2025-12-04T02:05:50+03:00","caller":"/Users/spikk/Code/go-template/logger/logger.go:42","message":"Client connected as sender"}
{"level":"info","time":"2025-12-04T02:06:28+03:00","caller":"/Users/spikk/Code/go-template/logger/logger.go:42","message":"Sender disconnected"}
{"level":"info","time":"2025-12-04T02:06:29+03:00","caller":"/Users/spikk/Code/go-template/logger/logger.go:42","message":"Receiver disconnected"}
{"level":"info","time":"2025-12-04T02:06:39+03:00","caller":"/Users/spikk/Code/go-template/logger/logger.go:42","message":"Client connected as receiver"}
{"level":"info","time":"2025-12-04T02:06:42+03:00","caller":"/Users/spikk/Code/go-template/logger/logger.go:42","message":"Client connected as sender"}
{"level":"info","time":"2025-12-04T02:06:58+03:00","caller":"/Users/spikk/Code/go-template/logger/logger.go:42","message":"Receiver disconnected"}
{"level":"info","time":"2025-12-04T02:07:06+03:00","caller":"/Users/spikk/Code/go-template/logger/logger.go:42","message":"Sender disconnected"}
{"level":"info","time":"2025-12-04T02:07:09+03:00","caller":"/Users/spikk/Code/go-template/logger/logger.go:42","message":"Client connected as receiver"}
{"level":"info","time":"2025-12-04T02:07:13+03:00","caller":"/Users/spikk/Code/go-template/logger/logger.go:42","message":"Client connected as sender"}
{"level":"info","time":"2025-12-04T02:07:47+03:00","caller":"/Users/spikk/Code/go-template/logger/logger.go:42","message":"Receiver disconnected"}
{"level":"info","time":"2025-12-04T02:07:48+03:00","caller":"/Users/spikk/Code/go-template/logger/logger.go:42","message":"Client connected as receiver"}
{"level":"info","time":"2025-12-04T02:09:03+03:00","caller":"/Users/spikk/Code/go-template/logger/logger.go:42","message":"Receiver disconnected"}
{"level":"info","time":"2025-12-04T02:09:06+03:00","caller":"/Users/spikk/Code/go-template/logger/logger.go:42","message":"Client connected as receiver"}
{"level":"info","time":"2025-12-04T02:12:59+03:00","caller":"/Users/spikk/Code/go-template/logger/logger.go:42","message":"Sender disconnected"}
